<?xml version="1.0" encoding="UTF-8"?>
<!-- Generated by org.testng.reporters.JUnitXMLReporter -->
<testsuite ignored="0" hostname="X1Tab" failures="1" tests="3" name="Test" time="0.455" errors="0" timestamp="21 Oct 2018 16:31:34 GMT">
  <testcase classname="Test.LoginTest" name="LoginPageLandingTest" time="0.02"/>
  <testcase classname="Test.LoginTest" name="validUserName" time="0.388">
    <failure type="java.lang.AssertionError" message="expected [Home Page ~ Salesforce - Developer Edition] but found [Login | Salesforce]">
      <![CDATA[java.lang.AssertionError: expected [Home Page ~ Salesforce - Developer Edition] but found [Login | Salesforce]
at Test.LoginTest.validUserName(LoginTest.java:33)
... Removed 31 stack frames]]>
    </failure>
  </testcase> <!-- validUserName -->
  <testcase classname="Test.LoginTest" name="TwoStepVerificationPageTest" time="0.001"/>
</testsuite> <!-- Test -->
